--------------------------------------------------------------------------------
Himanshu_Advani_Process_Logger_Wed Apr 24 14:09:20 2019
--------------------------------------------------------------------------------

{'username': 'NT AUTHORITY\\SYSTEM', 'name': 'System Idle Process', 'pid': 0, 'vms': 0.05078125}
{'username': 'NT AUTHORITY\\SYSTEM', 'name': 'System', 'pid': 4, 'vms': 0.203125}
{'username': None, 'name': 'fontdrvhost.exe', 'pid': 76, 'vms': 2.94921875}
{'username': None, 'name': 'Registry', 'pid': 96, 'vms': 1.69140625}
{'username': 'HARBINGER\\Himanshu.Advani', 'name': 'RdrCEF.exe', 'pid': 308, 'vms': 72.26953125}
{'username': None, 'name': 'PresentationFontCache.exe', 'pid': 368, 'vms': 27.3828125}
{'username': None, 'name': 'smss.exe', 'pid': 412, 'vms': 0.48828125}
{'username': None, 'name': 'svchost.exe', 'pid': 564, 'vms': 7.94921875}
{'username': None, 'name': 'csrss.exe', 'pid': 580, 'vms': 1.98828125}
{'username': None, 'name': 'wininit.exe', 'pid': 664, 'vms': 1.2890625}
{'username': None, 'name': 'csrss.exe', 'pid': 680, 'vms': 2.49609375}
{'username': None, 'name': 'services.exe', 'pid': 744, 'vms': 6.15234375}
{'username': None, 'name': 'lsass.exe', 'pid': 768, 'vms': 9.2421875}
{'username': None, 'name': 'winlogon.exe', 'pid': 824, 'vms': 2.1484375}
{'username': 'HARBINGER\\Himanshu.Advani', 'name': 'RdrCEF.exe', 'pid': 832, 'vms': 16.07421875}
{'username': 'HARBINGER\\Himanshu.Advani', 'name': 'python.exe', 'pid': 872, 'vms': 7.5703125}
{'username': None, 'name': 'svchost.exe', 'pid': 896, 'vms': 3.1328125}
{'username': None, 'name': 'svchost.exe', 'pid': 960, 'vms': 0.98046875}
{'username': None, 'name': 'svchost.exe', 'pid': 988, 'vms': 14.921875}
{'username': None, 'name': 'fontdrvhost.exe', 'pid': 1016, 'vms': 6.6171875}
{'username': None, 'name': 'svchost.exe', 'pid': 1140, 'vms': 5.671875}
{'username': None, 'name': 'svchost.exe', 'pid': 1244, 'vms': 1.828125}
{'username': None, 'name': 'svchost.exe', 'pid': 1252, 'vms': 5.25390625}
{'username': None, 'name': 'svchost.exe', 'pid': 1288, 'vms': 4.33984375}
{'username': None, 'name': 'svchost.exe', 'pid': 1308, 'vms': 2.28125}
{'username': None, 'name': 'dwm.exe', 'pid': 1332, 'vms': 105.94921875}
{'username': None, 'name': 'svchost.exe', 'pid': 1380, 'vms': 2.4765625}
{'username': None, 'name': 'svchost.exe', 'pid': 1408, 'vms': 6.19921875}
{'username': None, 'name': 'kvoop.exe', 'pid': 1420, 'vms': 1.8984375}
{'username': None, 'name': 'svchost.exe', 'pid': 1472, 'vms': 3.37890625}
{'username': None, 'name': 'svchost.exe', 'pid': 1528, 'vms': 2.734375}
{'username': None, 'name': 'svchost.exe', 'pid': 1536, 'vms': 2.265625}
{'username': None, 'name': 'DDVDataCollector.exe', 'pid': 1544, 'vms': 17.1953125}
{'username': None, 'name': 'svchost.exe', 'pid': 1616, 'vms': 2.0390625}
{'username': None, 'name': 'svchost.exe', 'pid': 1680, 'vms': 16.6640625}
{'username': None, 'name': 'svchost.exe', 'pid': 1692, 'vms': 1.5703125}
{'username': None, 'name': 'svchost.exe', 'pid': 1756, 'vms': 13.9453125}
{'username': None, 'name': 'svchost.exe', 'pid': 1804, 'vms': 2.57421875}
{'username': None, 'name': 'svchost.exe', 'pid': 1928, 'vms': 4.69921875}
{'username': None, 'name': 'svchost.exe', 'pid': 1980, 'vms': 1.3125}
{'username': None, 'name': 'svchost.exe', 'pid': 1988, 'vms': 94.55859375}
{'username': None, 'name': 'svchost.exe', 'pid': 1996, 'vms': 2.03515625}
{'username': None, 'name': 'Memory Compression', 'pid': 2084, 'vms': 1.97265625}
{'username': None, 'name': 'svchost.exe', 'pid': 2124, 'vms': 1.9296875}
{'username': None, 'name': 'svchost.exe', 'pid': 2212, 'vms': 2.796875}
{'username': None, 'name': 'svchost.exe', 'pid': 2220, 'vms': 1.76171875}
{'username': None, 'name': 'DSAPI.exe', 'pid': 2280, 'vms': 46.1953125}
{'username': None, 'name': 'igfxCUIService.exe', 'pid': 2292, 'vms': 1.7109375}
{'username': 'HARBINGER\\Himanshu.Advani', 'name': 'SearchUI.exe', 'pid': 2300, 'vms': 111.5625}
{'username': None, 'name': 'svchost.exe', 'pid': 2340, 'vms': 1.96484375}
{'username': None, 'name': 'svchost.exe', 'pid': 2348, 'vms': 2.08984375}
{'username': None, 'name': 'svchost.exe', 'pid': 2488, 'vms': 1.62109375}
{'username': None, 'name': 'svchost.exe', 'pid': 2608, 'vms': 2.09765625}
{'username': None, 'name': 'svchost.exe', 'pid': 2692, 'vms': 3.62109375}
{'username': None, 'name': 'svchost.exe', 'pid': 2740, 'vms': 2.4296875}
{'username': None, 'name': 'svchost.exe', 'pid': 2748, 'vms': 2.5234375}
{'username': None, 'name': 'svchost.exe', 'pid': 2756, 'vms': 1.7578125}
{'username': None, 'name': 'svchost.exe', 'pid': 2772, 'vms': 9.55859375}
{'username': 'HARBINGER\\Himanshu.Advani', 'name': 'RuntimeBroker.exe', 'pid': 2812, 'vms': 2.6875}
{'username': None, 'name': 'svchost.exe', 'pid': 2940, 'vms': 3.38671875}
{'username': None, 'name': 'svchost.exe', 'pid': 2956, 'vms': 3.484375}
{'username': None, 'name': 'svchost.exe', 'pid': 2996, 'vms': 5.390625}
{'username': None, 'name': 'RtkAudioService64.exe', 'pid': 3060, 'vms': 1.8984375}
{'username': None, 'name': 'svchost.exe', 'pid': 3120, 'vms': 1.68359375}
{'username': None, 'name': 'svchost.exe', 'pid': 3132, 'vms': 2.25}
{'username': None, 'name': 'svchost.exe', 'pid': 3192, 'vms': 2.16796875}
{'username': None, 'name': 'spoolsv.exe', 'pid': 3292, 'vms': 6.40234375}
{'username': None, 'name': 'IntelCpHDCPSvc.exe', 'pid': 3376, 'vms': 1.48828125}
{'username': None, 'name': 'svchost.exe', 'pid': 3384, 'vms': 12.17578125}
{'username': None, 'name': 'svchost.exe', 'pid': 3392, 'vms': 31.12890625}
{'username': None, 'name': 'svchost.exe', 'pid': 3400, 'vms': 3.83203125}
{'username': None, 'name': 'macmnsvc.exe', 'pid': 3416, 'vms': 3.5546875}
{'username': None, 'name': 'svchost.exe', 'pid': 3424, 'vms': 3.99609375}
{'username': None, 'name': 'masvc.exe', 'pid': 3436, 'vms': 6.49609375}
{'username': None, 'name': 'armsvc.exe', 'pid': 3444, 'vms': 1.31640625}
{'username': None, 'name': 'svchost.exe', 'pid': 3452, 'vms': 5.09765625}
{'username': None, 'name': 'lnssatt.exe', 'pid': 3512, 'vms': 35.5546875}
{'username': None, 'name': 'WmiApSrv.exe', 'pid': 3668, 'vms': 1.6875}
{'username': None, 'name': 'inetinfo.exe', 'pid': 3788, 'vms': 11.53125}
{'username': None, 'name': 'svchost.exe', 'pid': 3864, 'vms': 4.78125}
{'username': None, 'name': 'wepsvc.exe', 'pid': 3872, 'vms': 16.12109375}
{'username': None, 'name': 'WavesSysSvc64.exe', 'pid': 3880, 'vms': 5.13671875}
{'username': None, 'name': 'Locator.exe', 'pid': 3888, 'vms': 0.60546875}
{'username': None, 'name': 'svchost.exe', 'pid': 3896, 'vms': 1.28125}
{'username': None, 'name': 'tvnserver.exe', 'pid': 3904, 'vms': 2.1328125}
{'username': None, 'name': 'sqlwriter.exe', 'pid': 3924, 'vms': 1.83984375}
{'username': None, 'name': 'svchost.exe', 'pid': 3932, 'vms': 5.4609375}
{'username': None, 'name': 'svchost.exe', 'pid': 3940, 'vms': 2.3359375}
{'username': None, 'name': 'MsMpEng.exe', 'pid': 3948, 'vms': 1513.98046875}
{'username': None, 'name': 'SecurityHealthService.exe', 'pid': 3956, 'vms': 3.45703125}
{'username': None, 'name': 'mysqld.exe', 'pid': 3964, 'vms': 6.2421875}
{'username': None, 'name': 'mfemactl.exe', 'pid': 4032, 'vms': 1.73046875}
{'username': None, 'name': 'conhost.exe', 'pid': 4080, 'vms': 5.20703125}
{'username': None, 'name': 'RAVBg64.exe', 'pid': 4216, 'vms': 5.79296875}
{'username': None, 'name': 'IntelCpHeciSvc.exe', 'pid': 4308, 'vms': 3.92578125}
{'username': None, 'name': 'svchost.exe', 'pid': 4320, 'vms': 1.640625}
{'username': 'HARBINGER\\Himanshu.Advani', 'name': 'TSVNCache.exe', 'pid': 4340, 'vms': 4.33984375}
{'username': 'HARBINGER\\Himanshu.Advani', 'name': 'RuntimeBroker.exe', 'pid': 4436, 'vms': 3.625}
{'username': None, 'name': 'svchost.exe', 'pid': 4464, 'vms': 61.6875}
{'username': None, 'name': 'mysqld.exe', 'pid': 4524, 'vms': 348.48828125}
{'username': None, 'name': 'RAVBg64.exe', 'pid': 4568, 'vms': 4.57421875}
{'username': None, 'name': 'conhost.exe', 'pid': 4652, 'vms': 5.50390625}
{'username': None, 'name': 'sqlceip.exe', 'pid': 4844, 'vms': 41.78515625}
{'username': None, 'name': 'ReportingServicesService.exe', 'pid': 4880, 'vms': 162.17578125}
{'username': None, 'name': 'sqlservr.exe', 'pid': 4900, 'vms': 311.6484375}
{'username': None, 'name': 'sqlceip.exe', 'pid': 4908, 'vms': 35.09375}
{'username': None, 'name': 'sqlservr.exe', 'pid': 4944, 'vms': 322.80078125}
{'username': None, 'name': 'IAStorDataMgrSvc.exe', 'pid': 5456, 'vms': 43.98828125}
{'username': 'HARBINGER\\Himanshu.Advani', 'name': 'taskhostw.exe', 'pid': 6048, 'vms': 3.58984375}
{'username': None, 'name': 'Microsoft.ReportingServices.Portal.WebHost.exe', 'pid': 6056, 'vms': 56.3828125}
{'username': None, 'name': 'conhost.exe', 'pid': 6084, 'vms': 6.12109375}
{'username': None, 'name': 'GoogleCrashHandler.exe', 'pid': 6140, 'vms': 1.6328125}
{'username': None, 'name': 'svchost.exe', 'pid': 6152, 'vms': 10.09765625}
{'username': None, 'name': 'unsecapp.exe', 'pid': 6180, 'vms': 1.40234375}
{'username': None, 'name': 'WmiPrvSE.exe', 'pid': 6320, 'vms': 39.07421875}
{'username': None, 'name': 'svchost.exe', 'pid': 6468, 'vms': 3.64453125}
{'username': None, 'name': 'svchost.exe', 'pid': 6472, 'vms': 1.73046875}
{'username': None, 'name': 'svchost.exe', 'pid': 6492, 'vms': 3.32421875}
{'username': None, 'name': 'svchost.exe', 'pid': 6756, 'vms': 3.07421875}
{'username': 'HARBINGER\\Himanshu.Advani', 'name': 'RuntimeBroker.exe', 'pid': 6772, 'vms': 1.7734375}
{'username': 'HARBINGER\\Himanshu.Advani', 'name': 'RuntimeBroker.exe', 'pid': 6784, 'vms': 7.34375}
{'username': 'HARBINGER\\Himanshu.Advani', 'name': 'igfxEM.exe', 'pid': 6844, 'vms': 4.13671875}
{'username': 'HARBINGER\\Himanshu.Advani', 'name': 'notepad++.exe', 'pid': 6912, 'vms': 17.2265625}
{'username': 'HARBINGER\\Himanshu.Advani', 'name': 'svchost.exe', 'pid': 6944, 'vms': 8.62890625}
{'username': 'HARBINGER\\Himanshu.Advani', 'name': 'svchost.exe', 'pid': 7152, 'vms': 7.61328125}
{'username': None, 'name': 'DDVCollectorSvcApi.exe', 'pid': 7176, 'vms': 1.5390625}
{'username': None, 'name': 'fdhost.exe', 'pid': 7236, 'vms': 2.52734375}
{'username': None, 'name': 'fdlauncher.exe', 'pid': 7344, 'vms': 1.66796875}
{'username': None, 'name': 'conhost.exe', 'pid': 7352, 'vms': 5.67578125}
{'username': 'HARBINGER\\Himanshu.Advani', 'name': 'ProxyUI.exe', 'pid': 7424, 'vms': 3.125}
{'username': 'HARBINGER\\Himanshu.Advani', 'name': 'sihost.exe', 'pid': 7508, 'vms': 7.65234375}
{'username': None, 'name': 'SearchIndexer.exe', 'pid': 7568, 'vms': 45.234375}
{'username': None, 'name': 'svchost.exe', 'pid': 7792, 'vms': 1.97265625}
{'username': None, 'name': 'macompatsvc.exe', 'pid': 7952, 'vms': 3.8046875}
{'username': 'HARBINGER\\Himanshu.Advani', 'name': 'svchost.exe', 'pid': 8000, 'vms': 8.02734375}
{'username': 'HARBINGER\\Himanshu.Advani', 'name': 'ctfmon.exe', 'pid': 8096, 'vms': 28.6015625}
{'username': 'HARBINGER\\Himanshu.Advani', 'name': 'dllhost.exe', 'pid': 8228, 'vms': 5.4609375}
{'username': 'HARBINGER\\Himanshu.Advani', 'name': 'Dserui.exe', 'pid': 8336, 'vms': 3.3671875}
{'username': None, 'name': 'GoogleCrashHandler64.exe', 'pid': 8352, 'vms': 1.62890625}
{'username': 'HARBINGER\\Himanshu.Advani', 'name': 'RuntimeBroker.exe', 'pid': 8416, 'vms': 8.8125}
{'username': 'HARBINGER\\Himanshu.Advani', 'name': 'chrome.exe', 'pid': 8660, 'vms': 24.9765625}
{'username': 'HARBINGER\\Himanshu.Advani', 'name': 'HxOutlook.exe', 'pid': 8712, 'vms': 39.78125}
{'username': 'HARBINGER\\Himanshu.Advani', 'name': 'conhost.exe', 'pid': 8768, 'vms': 6.6328125}
{'username': None, 'name': 'kvoop.exe', 'pid': 8776, 'vms': 1.9765625}
{'username': 'HARBINGER\\Himanshu.Advani', 'name': 'Code.exe', 'pid': 8800, 'vms': 63.6484375}
{'username': None, 'name': 'svchost.exe', 'pid': 8816, 'vms': 3.984375}
{'username': None, 'name': 'WmiPrvSE.exe', 'pid': 8824, 'vms': 6.47265625}
{'username': 'HARBINGER\\Himanshu.Advani', 'name': 'explorer.exe', 'pid': 8940, 'vms': 99.48828125}
{'username': None, 'name': 'svchost.exe', 'pid': 8972, 'vms': 3.71875}
{'username': 'HARBINGER\\Himanshu.Advani', 'name': 'ShellExperienceHost.exe', 'pid': 8984, 'vms': 33.484375}
{'username': 'HARBINGER\\Himanshu.Advani', 'name': 'firefox.exe', 'pid': 9008, 'vms': 294.40234375}
{'username': 'HARBINGER\\Himanshu.Advani', 'name': 'CodeHelper.exe', 'pid': 9032, 'vms': 7.8203125}
{'username': None, 'name': 'NisSrv.exe', 'pid': 9140, 'vms': 6.8125}
{'username': None, 'name': 'SgrmBroker.exe', 'pid': 9392, 'vms': 7.49609375}
{'username': 'HARBINGER\\Himanshu.Advani', 'name': 'ApplicationFrameHost.exe', 'pid': 9404, 'vms': 29.125}
{'username': 'HARBINGER\\Himanshu.Advani', 'name': 'chrome.exe', 'pid': 9508, 'vms': 2.5703125}
{'username': 'HARBINGER\\Himanshu.Advani', 'name': 'AcroRd32.exe', 'pid': 9524, 'vms': 10.03125}
{'username': 'HARBINGER\\Himanshu.Advani', 'name': 'firefox.exe', 'pid': 9604, 'vms': 293.03515625}
{'username': 'HARBINGER\\Himanshu.Advani', 'name': 'RdrCEF.exe', 'pid': 9700, 'vms': 76.0859375}
{'username': 'HARBINGER\\Himanshu.Advani', 'name': 'Video.UI.exe', 'pid': 9736, 'vms': 22.01953125}
{'username': 'HARBINGER\\Himanshu.Advani', 'name': 'MicrosoftEdge.exe', 'pid': 9792, 'vms': 22.02734375}
{'username': 'HARBINGER\\Himanshu.Advani', 'name': 'browser_broker.exe', 'pid': 10056, 'vms': 1.96484375}
{'username': 'HARBINGER\\Himanshu.Advani', 'name': 'MicrosoftEdgeCP.exe', 'pid': 10268, 'vms': 5.13671875}
{'username': 'HARBINGER\\Himanshu.Advani', 'name': 'MicrosoftEdgeCP.exe', 'pid': 10276, 'vms': 5.984375}
{'username': 'HARBINGER\\Himanshu.Advani', 'name': 'Code.exe', 'pid': 10380, 'vms': 36.171875}
{'username': 'HARBINGER\\Himanshu.Advani', 'name': 'RuntimeBroker.exe', 'pid': 10404, 'vms': 8.4453125}
{'username': None, 'name': 'LMS.exe', 'pid': 10748, 'vms': 5.453125}
{'username': None, 'name': 'svchost.exe', 'pid': 10884, 'vms': 1.49609375}
{'username': None, 'name': 'jhi_service.exe', 'pid': 11016, 'vms': 1.25390625}
{'username': 'HARBINGER\\Himanshu.Advani', 'name': 'Code.exe', 'pid': 11020, 'vms': 138.703125}
{'username': 'HARBINGER\\Himanshu.Advani', 'name': 'firefox.exe', 'pid': 11040, 'vms': 295.6015625}
{'username': 'HARBINGER\\Himanshu.Advani', 'name': 'AcroRd32.exe', 'pid': 11268, 'vms': 275.18359375}
{'username': None, 'name': 'svchost.exe', 'pid': 11344, 'vms': 4.95703125}
{'username': 'HARBINGER\\Himanshu.Advani', 'name': 'Calculator.exe', 'pid': 11512, 'vms': 14.7265625}
{'username': 'HARBINGER\\Himanshu.Advani', 'name': 'firefox.exe', 'pid': 11596, 'vms': 85.58203125}
{'username': None, 'name': 'pcdrwi.exe', 'pid': 11716, 'vms': 67.61328125}
{'username': None, 'name': 'DeliveryService.exe', 'pid': 11752, 'vms': 21.73828125}
{'username': None, 'name': 'svchost.exe', 'pid': 12072, 'vms': 2.18359375}
{'username': None, 'name': 'SupportAssistAgent.exe', 'pid': 12212, 'vms': 595.95703125}
{'username': None, 'name': 'DDVRulesProcessor.exe', 'pid': 12220, 'vms': 16.8828125}
{'username': 'HARBINGER\\Himanshu.Advani', 'name': 'Spark.exe', 'pid': 12420, 'vms': 89.3828125}
{'username': 'HARBINGER\\Himanshu.Advani', 'name': 'RdrCEF.exe', 'pid': 12520, 'vms': 76.55859375}
{'username': 'HARBINGER\\Himanshu.Advani', 'name': 'chrome.exe', 'pid': 13056, 'vms': 13.75390625}
{'username': 'HARBINGER\\Himanshu.Advani', 'name': 'Code.exe', 'pid': 13112, 'vms': 51.3125}
{'username': None, 'name': 'svchost.exe', 'pid': 13124, 'vms': 12.99609375}
{'username': 'HARBINGER\\Himanshu.Advani', 'name': 'chrome.exe', 'pid': 13144, 'vms': 76.30078125}
{'username': 'HARBINGER\\Himanshu.Advani', 'name': 'firefox.exe', 'pid': 13260, 'vms': 159.71484375}
{'username': 'HARBINGER\\Himanshu.Advani', 'name': 'Code.exe', 'pid': 13356, 'vms': 78.24609375}
{'username': 'HARBINGER\\Himanshu.Advani', 'name': 'Code.exe', 'pid': 13500, 'vms': 6.97265625}
{'username': 'HARBINGER\\Himanshu.Advani', 'name': 'Code.exe', 'pid': 13564, 'vms': 48.08984375}
{'username': 'HARBINGER\\Himanshu.Advani', 'name': 'Code.exe', 'pid': 13636, 'vms': 56.70703125}
{'username': 'HARBINGER\\Himanshu.Advani', 'name': 'Microsoft.Photos.exe', 'pid': 13656, 'vms': 48.2109375}
{'username': 'HARBINGER\\Himanshu.Advani', 'name': 'Code.exe', 'pid': 13944, 'vms': 165.91015625}
{'username': 'HARBINGER\\Himanshu.Advani', 'name': 'conhost.exe', 'pid': 14080, 'vms': 5.8125}
{'username': 'HARBINGER\\Himanshu.Advani', 'name': 'Code.exe', 'pid': 14372, 'vms': 27.1953125}
{'username': 'HARBINGER\\Himanshu.Advani', 'name': 'chrome.exe', 'pid': 14428, 'vms': 82.3671875}
{'username': 'HARBINGER\\Himanshu.Advani', 'name': 'RuntimeBroker.exe', 'pid': 14500, 'vms': 6.7109375}
{'username': 'HARBINGER\\Himanshu.Advani', 'name': 'chrome.exe', 'pid': 14604, 'vms': 22.21875}
{'username': 'HARBINGER\\Himanshu.Advani', 'name': 'cmd.exe', 'pid': 14656, 'vms': 3.40234375}
{'username': 'HARBINGER\\Himanshu.Advani', 'name': 'chrome.exe', 'pid': 15196, 'vms': 2.5390625}
{'username': 'HARBINGER\\Himanshu.Advani', 'name': 'chrome.exe', 'pid': 15288, 'vms': 36.38671875}
{'username': 'HARBINGER\\Himanshu.Advani', 'name': 'RuntimeBroker.exe', 'pid': 15444, 'vms': 10.87109375}
{'username': 'HARBINGER\\Himanshu.Advani', 'name': 'RuntimeBroker.exe', 'pid': 15516, 'vms': 8.44921875}
{'username': 'HARBINGER\\Himanshu.Advani', 'name': 'SystemSettings.exe', 'pid': 15548, 'vms': 17.3203125}
{'username': 'HARBINGER\\Himanshu.Advani', 'name': 'firefox.exe', 'pid': 15924, 'vms': 86.96875}
{'username': 'HARBINGER\\Himanshu.Advani', 'name': 'LockApp.exe', 'pid': 16148, 'vms': 13.58203125}
{'username': 'HARBINGER\\Himanshu.Advani', 'name': 'chrome.exe', 'pid': 16272, 'vms': 236.58203125}
{'username': None, 'name': 'svchost.exe', 'pid': 17196, 'vms': 2.171875}
{'username': None, 'name': 'svchost.exe', 'pid': 17596, 'vms': 6.10546875}
{'username': 'HARBINGER\\Himanshu.Advani', 'name': 'WinStore.App.exe', 'pid': 17712, 'vms': 44.9453125}
{'username': 'HARBINGER\\Himanshu.Advani', 'name': 'HxTsr.exe', 'pid': 18388, 'vms': 13.62890625}
{'username': 'HARBINGER\\Himanshu.Advani', 'name': 'RdrCEF.exe', 'pid': 19112, 'vms': 59.17578125}
{'username': 'HARBINGER\\Himanshu.Advani', 'name': 'dllhost.exe', 'pid': 20772, 'vms': 1.96875}
{'username': None, 'name': 'WmiPrvSE.exe', 'pid': 23312, 'vms': 3.68359375}
{'username': None, 'name': 'kvoop.exe', 'pid': 23672, 'vms': 1.9765625}
{'username': 'HARBINGER\\Himanshu.Advani', 'name': 'OpenWith.exe', 'pid': 23696, 'vms': 8.00390625}
{'username': None, 'name': 'kvoop.exe', 'pid': 23788, 'vms': 1.88671875}
{'username': 'HARBINGER\\Himanshu.Advani', 'name': 'chrome.exe', 'pid': 24188, 'vms': 12.74609375}
{'username': 'HARBINGER\\Himanshu.Advani', 'name': 'cmd.exe', 'pid': 25104, 'vms': 6.75390625}
{'username': None, 'name': 'kvoop.exe', 'pid': 25952, 'vms': 1.8828125}
{'username': 'HARBINGER\\Himanshu.Advani', 'name': 'firefox.exe', 'pid': 26296, 'vms': 255.24609375}
{'username': None, 'name': 'SearchFilterHost.exe', 'pid': 26696, 'vms': 1.375}
{'username': None, 'name': 'SearchProtocolHost.exe', 'pid': 27008, 'vms': 2.515625}
{'username': 'HARBINGER\\Himanshu.Advani', 'name': 'SearchProtocolHost.exe', 'pid': 27744, 'vms': 2.484375}
{'username': None, 'name': 'kvoop.exe', 'pid': 28156, 'vms': 1.89453125}
{'username': None, 'name': 'kvoop.exe', 'pid': 28168, 'vms': 1.8984375}
{'username': None, 'name': 'kvoop.exe', 'pid': 28744, 'vms': 1.89453125}
{'username': None, 'name': 'kvoop.exe', 'pid': 28816, 'vms': 1.9609375}
{'username': None, 'name': 'kvoop.exe', 'pid': 29024, 'vms': 1.95703125}
{'username': 'HARBINGER\\Himanshu.Advani', 'name': 'conhost.exe', 'pid': 29836, 'vms': 6.703125}
{'username': None, 'name': 'svchost.exe', 'pid': 29916, 'vms': 1.9375}
{'username': None, 'name': 'kvoop.exe', 'pid': 30176, 'vms': 1.953125}
{'username': None, 'name': 'EndPointClassifier.exe', 'pid': 30444, 'vms': 255.92578125}
{'username': 'HARBINGER\\Himanshu.Advani', 'name': 'smartscreen.exe', 'pid': 30500, 'vms': 11.64453125}
{'username': None, 'name': 'kvoop.exe', 'pid': 30640, 'vms': 1.96484375}
{'username': 'HARBINGER\\Himanshu.Advani', 'name': 'Code.exe', 'pid': 30660, 'vms': 12.4453125}
